<?xml version="1.0" encoding="UTF-8"?>
<testsuite name="com.tony.bday.greeting.junit.test.router.RouterForCsvToEmailTest" tests="5" skipped="0" failures="5" errors="0" timestamp="2017-12-05T08:15:08" hostname="P20675" time="0.177">
  <properties/>
  <testcase name="emptyBody" classname="com.tony.bday.greeting.junit.test.router.RouterForCsvToEmailTest" time="0.021">
    <failure message="java.lang.IndexOutOfBoundsException: Index: 0, Size: 0" type="java.lang.IndexOutOfBoundsException">java.lang.IndexOutOfBoundsException: Index: 0, Size: 0
	at java.util.ArrayList.rangeCheck(ArrayList.java:653)
	at java.util.ArrayList.get(ArrayList.java:429)
	at com.tony.bday.greeting.junit.test.router.RouterForCsvToEmailTest.emptyBody(RouterForCsvToEmailTest.java:72)
	at sun.reflect.NativeMethodAccessorImpl.invoke0(Native Method)
	at sun.reflect.NativeMethodAccessorImpl.invoke(NativeMethodAccessorImpl.java:62)
	at sun.reflect.DelegatingMethodAccessorImpl.invoke(DelegatingMethodAccessorImpl.java:43)
	at java.lang.reflect.Method.invoke(Method.java:498)
	at org.junit.runners.model.FrameworkMethod$1.runReflectiveCall(FrameworkMethod.java:50)
	at org.junit.internal.runners.model.ReflectiveCallable.run(ReflectiveCallable.java:12)
	at org.junit.runners.model.FrameworkMethod.invokeExplosively(FrameworkMethod.java:47)
	at org.junit.internal.runners.statements.InvokeMethod.evaluate(InvokeMethod.java:17)
	at org.springframework.test.context.junit4.statements.RunBeforeTestMethodCallbacks.evaluate(RunBeforeTestMethodCallbacks.java:75)
	at org.junit.internal.runners.statements.RunAfters.evaluate(RunAfters.java:27)
	at org.springframework.test.context.junit4.statements.RunAfterTestMethodCallbacks.evaluate(RunAfterTestMethodCallbacks.java:86)
	at org.springframework.test.context.junit4.statements.SpringRepeat.evaluate(SpringRepeat.java:84)
	at org.junit.runners.ParentRunner.runLeaf(ParentRunner.java:325)
	at org.springframework.test.context.junit4.SpringJUnit4ClassRunner.runChild(SpringJUnit4ClassRunner.java:252)
	at org.springframework.test.context.junit4.SpringJUnit4ClassRunner.runChild(SpringJUnit4ClassRunner.java:94)
	at org.junit.runners.ParentRunner$3.run(ParentRunner.java:290)
	at org.junit.runners.ParentRunner$1.schedule(ParentRunner.java:71)
	at org.junit.runners.ParentRunner.runChildren(ParentRunner.java:288)
	at org.junit.runners.ParentRunner.access$000(ParentRunner.java:58)
	at org.junit.runners.ParentRunner$2.evaluate(ParentRunner.java:268)
	at org.springframework.test.context.junit4.statements.RunBeforeTestClassCallbacks.evaluate(RunBeforeTestClassCallbacks.java:61)
	at org.springframework.test.context.junit4.statements.RunAfterTestClassCallbacks.evaluate(RunAfterTestClassCallbacks.java:70)
	at org.junit.runners.ParentRunner.run(ParentRunner.java:363)
	at org.springframework.test.context.junit4.SpringJUnit4ClassRunner.run(SpringJUnit4ClassRunner.java:191)
	at org.gradle.api.internal.tasks.testing.junit.JUnitTestClassExecuter.runTestClass(JUnitTestClassExecuter.java:114)
	at org.gradle.api.internal.tasks.testing.junit.JUnitTestClassExecuter.execute(JUnitTestClassExecuter.java:57)
	at org.gradle.api.internal.tasks.testing.junit.JUnitTestClassProcessor.processTestClass(JUnitTestClassProcessor.java:66)
	at org.gradle.api.internal.tasks.testing.SuiteTestClassProcessor.processTestClass(SuiteTestClassProcessor.java:51)
	at sun.reflect.NativeMethodAccessorImpl.invoke0(Native Method)
	at sun.reflect.NativeMethodAccessorImpl.invoke(NativeMethodAccessorImpl.java:62)
	at sun.reflect.DelegatingMethodAccessorImpl.invoke(DelegatingMethodAccessorImpl.java:43)
	at java.lang.reflect.Method.invoke(Method.java:498)
	at org.gradle.internal.dispatch.ReflectionDispatch.dispatch(ReflectionDispatch.java:35)
	at org.gradle.internal.dispatch.ReflectionDispatch.dispatch(ReflectionDispatch.java:24)
	at org.gradle.internal.dispatch.ContextClassLoaderDispatch.dispatch(ContextClassLoaderDispatch.java:32)
	at org.gradle.internal.dispatch.ProxyDispatchAdapter$DispatchingInvocationHandler.invoke(ProxyDispatchAdapter.java:93)
	at com.sun.proxy.$Proxy1.processTestClass(Unknown Source)
	at org.gradle.api.internal.tasks.testing.worker.TestWorker.processTestClass(TestWorker.java:109)
	at sun.reflect.NativeMethodAccessorImpl.invoke0(Native Method)
	at sun.reflect.NativeMethodAccessorImpl.invoke(NativeMethodAccessorImpl.java:62)
	at sun.reflect.DelegatingMethodAccessorImpl.invoke(DelegatingMethodAccessorImpl.java:43)
	at java.lang.reflect.Method.invoke(Method.java:498)
	at org.gradle.internal.dispatch.ReflectionDispatch.dispatch(ReflectionDispatch.java:35)
	at org.gradle.internal.dispatch.ReflectionDispatch.dispatch(ReflectionDispatch.java:24)
	at org.gradle.internal.remote.internal.hub.MessageHubBackedObjectConnection$DispatchWrapper.dispatch(MessageHubBackedObjectConnection.java:146)
	at org.gradle.internal.remote.internal.hub.MessageHubBackedObjectConnection$DispatchWrapper.dispatch(MessageHubBackedObjectConnection.java:128)
	at org.gradle.internal.remote.internal.hub.MessageHub$Handler.run(MessageHub.java:404)
	at org.gradle.internal.concurrent.ExecutorPolicy$CatchAndRecordFailures.onExecute(ExecutorPolicy.java:63)
	at org.gradle.internal.concurrent.StoppableExecutorImpl$1.run(StoppableExecutorImpl.java:46)
	at java.util.concurrent.ThreadPoolExecutor.runWorker(ThreadPoolExecutor.java:1142)
	at java.util.concurrent.ThreadPoolExecutor$Worker.run(ThreadPoolExecutor.java:617)
	at org.gradle.internal.concurrent.ThreadFactoryImpl$ManagedThreadRunnable.run(ThreadFactoryImpl.java:55)
	at java.lang.Thread.run(Thread.java:745)
</failure>
  </testcase>
  <testcase name="nobodyIsBirthday" classname="com.tony.bday.greeting.junit.test.router.RouterForCsvToEmailTest" time="0.011">
    <failure message="java.lang.IndexOutOfBoundsException: Index: 0, Size: 0" type="java.lang.IndexOutOfBoundsException">java.lang.IndexOutOfBoundsException: Index: 0, Size: 0
	at java.util.ArrayList.rangeCheck(ArrayList.java:653)
	at java.util.ArrayList.get(ArrayList.java:429)
	at com.tony.bday.greeting.junit.test.router.RouterForCsvToEmailTest.nobodyIsBirthday(RouterForCsvToEmailTest.java:36)
	at sun.reflect.NativeMethodAccessorImpl.invoke0(Native Method)
	at sun.reflect.NativeMethodAccessorImpl.invoke(NativeMethodAccessorImpl.java:62)
	at sun.reflect.DelegatingMethodAccessorImpl.invoke(DelegatingMethodAccessorImpl.java:43)
	at java.lang.reflect.Method.invoke(Method.java:498)
	at org.junit.runners.model.FrameworkMethod$1.runReflectiveCall(FrameworkMethod.java:50)
	at org.junit.internal.runners.model.ReflectiveCallable.run(ReflectiveCallable.java:12)
	at org.junit.runners.model.FrameworkMethod.invokeExplosively(FrameworkMethod.java:47)
	at org.junit.internal.runners.statements.InvokeMethod.evaluate(InvokeMethod.java:17)
	at org.springframework.test.context.junit4.statements.RunBeforeTestMethodCallbacks.evaluate(RunBeforeTestMethodCallbacks.java:75)
	at org.junit.internal.runners.statements.RunAfters.evaluate(RunAfters.java:27)
	at org.springframework.test.context.junit4.statements.RunAfterTestMethodCallbacks.evaluate(RunAfterTestMethodCallbacks.java:86)
	at org.springframework.test.context.junit4.statements.SpringRepeat.evaluate(SpringRepeat.java:84)
	at org.junit.runners.ParentRunner.runLeaf(ParentRunner.java:325)
	at org.springframework.test.context.junit4.SpringJUnit4ClassRunner.runChild(SpringJUnit4ClassRunner.java:252)
	at org.springframework.test.context.junit4.SpringJUnit4ClassRunner.runChild(SpringJUnit4ClassRunner.java:94)
	at org.junit.runners.ParentRunner$3.run(ParentRunner.java:290)
	at org.junit.runners.ParentRunner$1.schedule(ParentRunner.java:71)
	at org.junit.runners.ParentRunner.runChildren(ParentRunner.java:288)
	at org.junit.runners.ParentRunner.access$000(ParentRunner.java:58)
	at org.junit.runners.ParentRunner$2.evaluate(ParentRunner.java:268)
	at org.springframework.test.context.junit4.statements.RunBeforeTestClassCallbacks.evaluate(RunBeforeTestClassCallbacks.java:61)
	at org.springframework.test.context.junit4.statements.RunAfterTestClassCallbacks.evaluate(RunAfterTestClassCallbacks.java:70)
	at org.junit.runners.ParentRunner.run(ParentRunner.java:363)
	at org.springframework.test.context.junit4.SpringJUnit4ClassRunner.run(SpringJUnit4ClassRunner.java:191)
	at org.gradle.api.internal.tasks.testing.junit.JUnitTestClassExecuter.runTestClass(JUnitTestClassExecuter.java:114)
	at org.gradle.api.internal.tasks.testing.junit.JUnitTestClassExecuter.execute(JUnitTestClassExecuter.java:57)
	at org.gradle.api.internal.tasks.testing.junit.JUnitTestClassProcessor.processTestClass(JUnitTestClassProcessor.java:66)
	at org.gradle.api.internal.tasks.testing.SuiteTestClassProcessor.processTestClass(SuiteTestClassProcessor.java:51)
	at sun.reflect.NativeMethodAccessorImpl.invoke0(Native Method)
	at sun.reflect.NativeMethodAccessorImpl.invoke(NativeMethodAccessorImpl.java:62)
	at sun.reflect.DelegatingMethodAccessorImpl.invoke(DelegatingMethodAccessorImpl.java:43)
	at java.lang.reflect.Method.invoke(Method.java:498)
	at org.gradle.internal.dispatch.ReflectionDispatch.dispatch(ReflectionDispatch.java:35)
	at org.gradle.internal.dispatch.ReflectionDispatch.dispatch(ReflectionDispatch.java:24)
	at org.gradle.internal.dispatch.ContextClassLoaderDispatch.dispatch(ContextClassLoaderDispatch.java:32)
	at org.gradle.internal.dispatch.ProxyDispatchAdapter$DispatchingInvocationHandler.invoke(ProxyDispatchAdapter.java:93)
	at com.sun.proxy.$Proxy1.processTestClass(Unknown Source)
	at org.gradle.api.internal.tasks.testing.worker.TestWorker.processTestClass(TestWorker.java:109)
	at sun.reflect.NativeMethodAccessorImpl.invoke0(Native Method)
	at sun.reflect.NativeMethodAccessorImpl.invoke(NativeMethodAccessorImpl.java:62)
	at sun.reflect.DelegatingMethodAccessorImpl.invoke(DelegatingMethodAccessorImpl.java:43)
	at java.lang.reflect.Method.invoke(Method.java:498)
	at org.gradle.internal.dispatch.ReflectionDispatch.dispatch(ReflectionDispatch.java:35)
	at org.gradle.internal.dispatch.ReflectionDispatch.dispatch(ReflectionDispatch.java:24)
	at org.gradle.internal.remote.internal.hub.MessageHubBackedObjectConnection$DispatchWrapper.dispatch(MessageHubBackedObjectConnection.java:146)
	at org.gradle.internal.remote.internal.hub.MessageHubBackedObjectConnection$DispatchWrapper.dispatch(MessageHubBackedObjectConnection.java:128)
	at org.gradle.internal.remote.internal.hub.MessageHub$Handler.run(MessageHub.java:404)
	at org.gradle.internal.concurrent.ExecutorPolicy$CatchAndRecordFailures.onExecute(ExecutorPolicy.java:63)
	at org.gradle.internal.concurrent.StoppableExecutorImpl$1.run(StoppableExecutorImpl.java:46)
	at java.util.concurrent.ThreadPoolExecutor.runWorker(ThreadPoolExecutor.java:1142)
	at java.util.concurrent.ThreadPoolExecutor$Worker.run(ThreadPoolExecutor.java:617)
	at org.gradle.internal.concurrent.ThreadFactoryImpl$ManagedThreadRunnable.run(ThreadFactoryImpl.java:55)
	at java.lang.Thread.run(Thread.java:745)
</failure>
  </testcase>
  <testcase name="SomebodyIsBirthday" classname="com.tony.bday.greeting.junit.test.router.RouterForCsvToEmailTest" time="0.008">
    <failure message="java.lang.IndexOutOfBoundsException: Index: 0, Size: 0" type="java.lang.IndexOutOfBoundsException">java.lang.IndexOutOfBoundsException: Index: 0, Size: 0
	at java.util.ArrayList.rangeCheck(ArrayList.java:653)
	at java.util.ArrayList.get(ArrayList.java:429)
	at com.tony.bday.greeting.junit.test.router.RouterForCsvToEmailTest.SomebodyIsBirthday(RouterForCsvToEmailTest.java:54)
	at sun.reflect.NativeMethodAccessorImpl.invoke0(Native Method)
	at sun.reflect.NativeMethodAccessorImpl.invoke(NativeMethodAccessorImpl.java:62)
	at sun.reflect.DelegatingMethodAccessorImpl.invoke(DelegatingMethodAccessorImpl.java:43)
	at java.lang.reflect.Method.invoke(Method.java:498)
	at org.junit.runners.model.FrameworkMethod$1.runReflectiveCall(FrameworkMethod.java:50)
	at org.junit.internal.runners.model.ReflectiveCallable.run(ReflectiveCallable.java:12)
	at org.junit.runners.model.FrameworkMethod.invokeExplosively(FrameworkMethod.java:47)
	at org.junit.internal.runners.statements.InvokeMethod.evaluate(InvokeMethod.java:17)
	at org.springframework.test.context.junit4.statements.RunBeforeTestMethodCallbacks.evaluate(RunBeforeTestMethodCallbacks.java:75)
	at org.junit.internal.runners.statements.RunAfters.evaluate(RunAfters.java:27)
	at org.springframework.test.context.junit4.statements.RunAfterTestMethodCallbacks.evaluate(RunAfterTestMethodCallbacks.java:86)
	at org.springframework.test.context.junit4.statements.SpringRepeat.evaluate(SpringRepeat.java:84)
	at org.junit.runners.ParentRunner.runLeaf(ParentRunner.java:325)
	at org.springframework.test.context.junit4.SpringJUnit4ClassRunner.runChild(SpringJUnit4ClassRunner.java:252)
	at org.springframework.test.context.junit4.SpringJUnit4ClassRunner.runChild(SpringJUnit4ClassRunner.java:94)
	at org.junit.runners.ParentRunner$3.run(ParentRunner.java:290)
	at org.junit.runners.ParentRunner$1.schedule(ParentRunner.java:71)
	at org.junit.runners.ParentRunner.runChildren(ParentRunner.java:288)
	at org.junit.runners.ParentRunner.access$000(ParentRunner.java:58)
	at org.junit.runners.ParentRunner$2.evaluate(ParentRunner.java:268)
	at org.springframework.test.context.junit4.statements.RunBeforeTestClassCallbacks.evaluate(RunBeforeTestClassCallbacks.java:61)
	at org.springframework.test.context.junit4.statements.RunAfterTestClassCallbacks.evaluate(RunAfterTestClassCallbacks.java:70)
	at org.junit.runners.ParentRunner.run(ParentRunner.java:363)
	at org.springframework.test.context.junit4.SpringJUnit4ClassRunner.run(SpringJUnit4ClassRunner.java:191)
	at org.gradle.api.internal.tasks.testing.junit.JUnitTestClassExecuter.runTestClass(JUnitTestClassExecuter.java:114)
	at org.gradle.api.internal.tasks.testing.junit.JUnitTestClassExecuter.execute(JUnitTestClassExecuter.java:57)
	at org.gradle.api.internal.tasks.testing.junit.JUnitTestClassProcessor.processTestClass(JUnitTestClassProcessor.java:66)
	at org.gradle.api.internal.tasks.testing.SuiteTestClassProcessor.processTestClass(SuiteTestClassProcessor.java:51)
	at sun.reflect.NativeMethodAccessorImpl.invoke0(Native Method)
	at sun.reflect.NativeMethodAccessorImpl.invoke(NativeMethodAccessorImpl.java:62)
	at sun.reflect.DelegatingMethodAccessorImpl.invoke(DelegatingMethodAccessorImpl.java:43)
	at java.lang.reflect.Method.invoke(Method.java:498)
	at org.gradle.internal.dispatch.ReflectionDispatch.dispatch(ReflectionDispatch.java:35)
	at org.gradle.internal.dispatch.ReflectionDispatch.dispatch(ReflectionDispatch.java:24)
	at org.gradle.internal.dispatch.ContextClassLoaderDispatch.dispatch(ContextClassLoaderDispatch.java:32)
	at org.gradle.internal.dispatch.ProxyDispatchAdapter$DispatchingInvocationHandler.invoke(ProxyDispatchAdapter.java:93)
	at com.sun.proxy.$Proxy1.processTestClass(Unknown Source)
	at org.gradle.api.internal.tasks.testing.worker.TestWorker.processTestClass(TestWorker.java:109)
	at sun.reflect.NativeMethodAccessorImpl.invoke0(Native Method)
	at sun.reflect.NativeMethodAccessorImpl.invoke(NativeMethodAccessorImpl.java:62)
	at sun.reflect.DelegatingMethodAccessorImpl.invoke(DelegatingMethodAccessorImpl.java:43)
	at java.lang.reflect.Method.invoke(Method.java:498)
	at org.gradle.internal.dispatch.ReflectionDispatch.dispatch(ReflectionDispatch.java:35)
	at org.gradle.internal.dispatch.ReflectionDispatch.dispatch(ReflectionDispatch.java:24)
	at org.gradle.internal.remote.internal.hub.MessageHubBackedObjectConnection$DispatchWrapper.dispatch(MessageHubBackedObjectConnection.java:146)
	at org.gradle.internal.remote.internal.hub.MessageHubBackedObjectConnection$DispatchWrapper.dispatch(MessageHubBackedObjectConnection.java:128)
	at org.gradle.internal.remote.internal.hub.MessageHub$Handler.run(MessageHub.java:404)
	at org.gradle.internal.concurrent.ExecutorPolicy$CatchAndRecordFailures.onExecute(ExecutorPolicy.java:63)
	at org.gradle.internal.concurrent.StoppableExecutorImpl$1.run(StoppableExecutorImpl.java:46)
	at java.util.concurrent.ThreadPoolExecutor.runWorker(ThreadPoolExecutor.java:1142)
	at java.util.concurrent.ThreadPoolExecutor$Worker.run(ThreadPoolExecutor.java:617)
	at org.gradle.internal.concurrent.ThreadFactoryImpl$ManagedThreadRunnable.run(ThreadFactoryImpl.java:55)
	at java.lang.Thread.run(Thread.java:745)
</failure>
  </testcase>
  <testcase name="WrongDateFormat" classname="com.tony.bday.greeting.junit.test.router.RouterForCsvToEmailTest" time="0.009">
    <failure message="java.lang.Exception: Unexpected exception, expected&lt;org.apache.camel.CamelExecutionException&gt; but was&lt;java.lang.IndexOutOfBoundsException&gt;" type="java.lang.Exception">java.lang.Exception: Unexpected exception, expected&lt;org.apache.camel.CamelExecutionException&gt; but was&lt;java.lang.IndexOutOfBoundsException&gt;
	at org.junit.internal.runners.statements.ExpectException.evaluate(ExpectException.java:28)
	at org.springframework.test.context.junit4.statements.RunBeforeTestMethodCallbacks.evaluate(RunBeforeTestMethodCallbacks.java:75)
	at org.junit.internal.runners.statements.RunAfters.evaluate(RunAfters.java:27)
	at org.springframework.test.context.junit4.statements.RunAfterTestMethodCallbacks.evaluate(RunAfterTestMethodCallbacks.java:86)
	at org.springframework.test.context.junit4.statements.SpringRepeat.evaluate(SpringRepeat.java:84)
	at org.junit.runners.ParentRunner.runLeaf(ParentRunner.java:325)
	at org.springframework.test.context.junit4.SpringJUnit4ClassRunner.runChild(SpringJUnit4ClassRunner.java:252)
	at org.springframework.test.context.junit4.SpringJUnit4ClassRunner.runChild(SpringJUnit4ClassRunner.java:94)
	at org.junit.runners.ParentRunner$3.run(ParentRunner.java:290)
	at org.junit.runners.ParentRunner$1.schedule(ParentRunner.java:71)
	at org.junit.runners.ParentRunner.runChildren(ParentRunner.java:288)
	at org.junit.runners.ParentRunner.access$000(ParentRunner.java:58)
	at org.junit.runners.ParentRunner$2.evaluate(ParentRunner.java:268)
	at org.springframework.test.context.junit4.statements.RunBeforeTestClassCallbacks.evaluate(RunBeforeTestClassCallbacks.java:61)
	at org.springframework.test.context.junit4.statements.RunAfterTestClassCallbacks.evaluate(RunAfterTestClassCallbacks.java:70)
	at org.junit.runners.ParentRunner.run(ParentRunner.java:363)
	at org.springframework.test.context.junit4.SpringJUnit4ClassRunner.run(SpringJUnit4ClassRunner.java:191)
	at org.gradle.api.internal.tasks.testing.junit.JUnitTestClassExecuter.runTestClass(JUnitTestClassExecuter.java:114)
	at org.gradle.api.internal.tasks.testing.junit.JUnitTestClassExecuter.execute(JUnitTestClassExecuter.java:57)
	at org.gradle.api.internal.tasks.testing.junit.JUnitTestClassProcessor.processTestClass(JUnitTestClassProcessor.java:66)
	at org.gradle.api.internal.tasks.testing.SuiteTestClassProcessor.processTestClass(SuiteTestClassProcessor.java:51)
	at sun.reflect.NativeMethodAccessorImpl.invoke0(Native Method)
	at sun.reflect.NativeMethodAccessorImpl.invoke(NativeMethodAccessorImpl.java:62)
	at sun.reflect.DelegatingMethodAccessorImpl.invoke(DelegatingMethodAccessorImpl.java:43)
	at java.lang.reflect.Method.invoke(Method.java:498)
	at org.gradle.internal.dispatch.ReflectionDispatch.dispatch(ReflectionDispatch.java:35)
	at org.gradle.internal.dispatch.ReflectionDispatch.dispatch(ReflectionDispatch.java:24)
	at org.gradle.internal.dispatch.ContextClassLoaderDispatch.dispatch(ContextClassLoaderDispatch.java:32)
	at org.gradle.internal.dispatch.ProxyDispatchAdapter$DispatchingInvocationHandler.invoke(ProxyDispatchAdapter.java:93)
	at com.sun.proxy.$Proxy1.processTestClass(Unknown Source)
	at org.gradle.api.internal.tasks.testing.worker.TestWorker.processTestClass(TestWorker.java:109)
	at sun.reflect.NativeMethodAccessorImpl.invoke0(Native Method)
	at sun.reflect.NativeMethodAccessorImpl.invoke(NativeMethodAccessorImpl.java:62)
	at sun.reflect.DelegatingMethodAccessorImpl.invoke(DelegatingMethodAccessorImpl.java:43)
	at java.lang.reflect.Method.invoke(Method.java:498)
	at org.gradle.internal.dispatch.ReflectionDispatch.dispatch(ReflectionDispatch.java:35)
	at org.gradle.internal.dispatch.ReflectionDispatch.dispatch(ReflectionDispatch.java:24)
	at org.gradle.internal.remote.internal.hub.MessageHubBackedObjectConnection$DispatchWrapper.dispatch(MessageHubBackedObjectConnection.java:146)
	at org.gradle.internal.remote.internal.hub.MessageHubBackedObjectConnection$DispatchWrapper.dispatch(MessageHubBackedObjectConnection.java:128)
	at org.gradle.internal.remote.internal.hub.MessageHub$Handler.run(MessageHub.java:404)
	at org.gradle.internal.concurrent.ExecutorPolicy$CatchAndRecordFailures.onExecute(ExecutorPolicy.java:63)
	at org.gradle.internal.concurrent.StoppableExecutorImpl$1.run(StoppableExecutorImpl.java:46)
	at java.util.concurrent.ThreadPoolExecutor.runWorker(ThreadPoolExecutor.java:1142)
	at java.util.concurrent.ThreadPoolExecutor$Worker.run(ThreadPoolExecutor.java:617)
	at org.gradle.internal.concurrent.ThreadFactoryImpl$ManagedThreadRunnable.run(ThreadFactoryImpl.java:55)
	at java.lang.Thread.run(Thread.java:745)
Caused by: java.lang.IndexOutOfBoundsException: Index: 0, Size: 0
	at java.util.ArrayList.rangeCheck(ArrayList.java:653)
	at java.util.ArrayList.get(ArrayList.java:429)
	at com.tony.bday.greeting.junit.test.router.RouterForCsvToEmailTest.WrongDateFormat(RouterForCsvToEmailTest.java:108)
	at sun.reflect.NativeMethodAccessorImpl.invoke0(Native Method)
	at sun.reflect.NativeMethodAccessorImpl.invoke(NativeMethodAccessorImpl.java:62)
	at sun.reflect.DelegatingMethodAccessorImpl.invoke(DelegatingMethodAccessorImpl.java:43)
	at java.lang.reflect.Method.invoke(Method.java:498)
	at org.junit.runners.model.FrameworkMethod$1.runReflectiveCall(FrameworkMethod.java:50)
	at org.junit.internal.runners.model.ReflectiveCallable.run(ReflectiveCallable.java:12)
	at org.junit.runners.model.FrameworkMethod.invokeExplosively(FrameworkMethod.java:47)
	at org.junit.internal.runners.statements.InvokeMethod.evaluate(InvokeMethod.java:17)
	at org.junit.internal.runners.statements.ExpectException.evaluate(ExpectException.java:19)
	... 45 more
</failure>
  </testcase>
  <testcase name="emaillIsNull" classname="com.tony.bday.greeting.junit.test.router.RouterForCsvToEmailTest" time="0.008">
    <failure message="java.lang.Exception: Unexpected exception, expected&lt;org.apache.camel.CamelExecutionException&gt; but was&lt;java.lang.IndexOutOfBoundsException&gt;" type="java.lang.Exception">java.lang.Exception: Unexpected exception, expected&lt;org.apache.camel.CamelExecutionException&gt; but was&lt;java.lang.IndexOutOfBoundsException&gt;
	at org.junit.internal.runners.statements.ExpectException.evaluate(ExpectException.java:28)
	at org.springframework.test.context.junit4.statements.RunBeforeTestMethodCallbacks.evaluate(RunBeforeTestMethodCallbacks.java:75)
	at org.junit.internal.runners.statements.RunAfters.evaluate(RunAfters.java:27)
	at org.springframework.test.context.junit4.statements.RunAfterTestMethodCallbacks.evaluate(RunAfterTestMethodCallbacks.java:86)
	at org.springframework.test.context.junit4.statements.SpringRepeat.evaluate(SpringRepeat.java:84)
	at org.junit.runners.ParentRunner.runLeaf(ParentRunner.java:325)
	at org.springframework.test.context.junit4.SpringJUnit4ClassRunner.runChild(SpringJUnit4ClassRunner.java:252)
	at org.springframework.test.context.junit4.SpringJUnit4ClassRunner.runChild(SpringJUnit4ClassRunner.java:94)
	at org.junit.runners.ParentRunner$3.run(ParentRunner.java:290)
	at org.junit.runners.ParentRunner$1.schedule(ParentRunner.java:71)
	at org.junit.runners.ParentRunner.runChildren(ParentRunner.java:288)
	at org.junit.runners.ParentRunner.access$000(ParentRunner.java:58)
	at org.junit.runners.ParentRunner$2.evaluate(ParentRunner.java:268)
	at org.springframework.test.context.junit4.statements.RunBeforeTestClassCallbacks.evaluate(RunBeforeTestClassCallbacks.java:61)
	at org.springframework.test.context.junit4.statements.RunAfterTestClassCallbacks.evaluate(RunAfterTestClassCallbacks.java:70)
	at org.junit.runners.ParentRunner.run(ParentRunner.java:363)
	at org.springframework.test.context.junit4.SpringJUnit4ClassRunner.run(SpringJUnit4ClassRunner.java:191)
	at org.gradle.api.internal.tasks.testing.junit.JUnitTestClassExecuter.runTestClass(JUnitTestClassExecuter.java:114)
	at org.gradle.api.internal.tasks.testing.junit.JUnitTestClassExecuter.execute(JUnitTestClassExecuter.java:57)
	at org.gradle.api.internal.tasks.testing.junit.JUnitTestClassProcessor.processTestClass(JUnitTestClassProcessor.java:66)
	at org.gradle.api.internal.tasks.testing.SuiteTestClassProcessor.processTestClass(SuiteTestClassProcessor.java:51)
	at sun.reflect.NativeMethodAccessorImpl.invoke0(Native Method)
	at sun.reflect.NativeMethodAccessorImpl.invoke(NativeMethodAccessorImpl.java:62)
	at sun.reflect.DelegatingMethodAccessorImpl.invoke(DelegatingMethodAccessorImpl.java:43)
	at java.lang.reflect.Method.invoke(Method.java:498)
	at org.gradle.internal.dispatch.ReflectionDispatch.dispatch(ReflectionDispatch.java:35)
	at org.gradle.internal.dispatch.ReflectionDispatch.dispatch(ReflectionDispatch.java:24)
	at org.gradle.internal.dispatch.ContextClassLoaderDispatch.dispatch(ContextClassLoaderDispatch.java:32)
	at org.gradle.internal.dispatch.ProxyDispatchAdapter$DispatchingInvocationHandler.invoke(ProxyDispatchAdapter.java:93)
	at com.sun.proxy.$Proxy1.processTestClass(Unknown Source)
	at org.gradle.api.internal.tasks.testing.worker.TestWorker.processTestClass(TestWorker.java:109)
	at sun.reflect.NativeMethodAccessorImpl.invoke0(Native Method)
	at sun.reflect.NativeMethodAccessorImpl.invoke(NativeMethodAccessorImpl.java:62)
	at sun.reflect.DelegatingMethodAccessorImpl.invoke(DelegatingMethodAccessorImpl.java:43)
	at java.lang.reflect.Method.invoke(Method.java:498)
	at org.gradle.internal.dispatch.ReflectionDispatch.dispatch(ReflectionDispatch.java:35)
	at org.gradle.internal.dispatch.ReflectionDispatch.dispatch(ReflectionDispatch.java:24)
	at org.gradle.internal.remote.internal.hub.MessageHubBackedObjectConnection$DispatchWrapper.dispatch(MessageHubBackedObjectConnection.java:146)
	at org.gradle.internal.remote.internal.hub.MessageHubBackedObjectConnection$DispatchWrapper.dispatch(MessageHubBackedObjectConnection.java:128)
	at org.gradle.internal.remote.internal.hub.MessageHub$Handler.run(MessageHub.java:404)
	at org.gradle.internal.concurrent.ExecutorPolicy$CatchAndRecordFailures.onExecute(ExecutorPolicy.java:63)
	at org.gradle.internal.concurrent.StoppableExecutorImpl$1.run(StoppableExecutorImpl.java:46)
	at java.util.concurrent.ThreadPoolExecutor.runWorker(ThreadPoolExecutor.java:1142)
	at java.util.concurrent.ThreadPoolExecutor$Worker.run(ThreadPoolExecutor.java:617)
	at org.gradle.internal.concurrent.ThreadFactoryImpl$ManagedThreadRunnable.run(ThreadFactoryImpl.java:55)
	at java.lang.Thread.run(Thread.java:745)
Caused by: java.lang.IndexOutOfBoundsException: Index: 0, Size: 0
	at java.util.ArrayList.rangeCheck(ArrayList.java:653)
	at java.util.ArrayList.get(ArrayList.java:429)
	at com.tony.bday.greeting.junit.test.router.RouterForCsvToEmailTest.emaillIsNull(RouterForCsvToEmailTest.java:90)
	at sun.reflect.NativeMethodAccessorImpl.invoke0(Native Method)
	at sun.reflect.NativeMethodAccessorImpl.invoke(NativeMethodAccessorImpl.java:62)
	at sun.reflect.DelegatingMethodAccessorImpl.invoke(DelegatingMethodAccessorImpl.java:43)
	at java.lang.reflect.Method.invoke(Method.java:498)
	at org.junit.runners.model.FrameworkMethod$1.runReflectiveCall(FrameworkMethod.java:50)
	at org.junit.internal.runners.model.ReflectiveCallable.run(ReflectiveCallable.java:12)
	at org.junit.runners.model.FrameworkMethod.invokeExplosively(FrameworkMethod.java:47)
	at org.junit.internal.runners.statements.InvokeMethod.evaluate(InvokeMethod.java:17)
	at org.junit.internal.runners.statements.ExpectException.evaluate(ExpectException.java:19)
	... 45 more
</failure>
  </testcase>
  <system-out><![CDATA[2017-12-05 17:15:06.967  INFO 13044 --- [    Test worker] .b.t.c.SpringBootTestContextBootstrapper : Neither @ContextConfiguration nor @ContextHierarchy found for test class [com.tony.bday.greeting.junit.test.router.RouterForCsvToEmailTest], using SpringBootContextLoader
2017-12-05 17:15:06.968  INFO 13044 --- [    Test worker] o.s.t.c.support.AbstractContextLoader    : Could not detect default resource locations for test class [com.tony.bday.greeting.junit.test.router.RouterForCsvToEmailTest]: no resource found for suffixes {-context.xml, Context.groovy}.
2017-12-05 17:15:06.985  INFO 13044 --- [    Test worker] .b.t.c.SpringBootTestContextBootstrapper : Loaded default TestExecutionListener class names from location [META-INF/spring.factories]: [org.springframework.test.context.web.ServletTestExecutionListener, org.springframework.test.context.support.DirtiesContextBeforeModesTestExecutionListener, org.springframework.test.context.support.DependencyInjectionTestExecutionListener, org.springframework.test.context.support.DirtiesContextTestExecutionListener, org.springframework.test.context.transaction.TransactionalTestExecutionListener, org.springframework.test.context.jdbc.SqlScriptsTestExecutionListener, org.springframework.boot.test.autoconfigure.restdocs.RestDocsTestExecutionListener, org.springframework.boot.test.autoconfigure.web.client.MockRestServiceServerResetTestExecutionListener, org.springframework.boot.test.autoconfigure.web.servlet.MockMvcPrintOnlyOnFailureTestExecutionListener, org.springframework.boot.test.autoconfigure.web.servlet.WebDriverTestExecutionListener, org.springframework.boot.test.mock.mockito.MockitoTestExecutionListener, org.springframework.boot.test.mock.mockito.ResetMocksTestExecutionListener]
2017-12-05 17:15:06.994  INFO 13044 --- [    Test worker] .b.t.c.SpringBootTestContextBootstrapper : Could not instantiate TestExecutionListener [org.springframework.test.context.web.ServletTestExecutionListener]. Specify custom listener classes or make the default listener classes (and their required dependencies) available. Offending class: [javax/servlet/ServletContext]
2017-12-05 17:15:06.995  INFO 13044 --- [    Test worker] .b.t.c.SpringBootTestContextBootstrapper : Using TestExecutionListeners: [org.springframework.test.context.support.DirtiesContextBeforeModesTestExecutionListener@3e19fb48, org.springframework.boot.test.autoconfigure.SpringBootDependencyInjectionTestExecutionListener@16ac661a, org.springframework.test.context.support.DirtiesContextTestExecutionListener@199e1cb6, org.springframework.test.context.transaction.TransactionalTestExecutionListener@3608ff3d, org.springframework.test.context.jdbc.SqlScriptsTestExecutionListener@473a910f, org.springframework.boot.test.mock.mockito.ResetMocksTestExecutionListener@32d3b344, org.springframework.boot.test.autoconfigure.web.servlet.MockMvcPrintOnlyOnFailureTestExecutionListener@5b416204, org.springframework.boot.test.autoconfigure.restdocs.RestDocsTestExecutionListener@2a419f46, org.springframework.boot.test.autoconfigure.web.client.MockRestServiceServerResetTestExecutionListener@3960c1e8, org.springframework.boot.test.mock.mockito.MockitoTestExecutionListener@16860c13, org.springframework.boot.test.autoconfigure.web.servlet.WebDriverTestExecutionListener@46071d85]
2017-12-05 17:15:06.996  INFO 13044 --- [    Test worker] a.c.t.s.CamelSpringBootExecutionListener : @RunWith(CamelSpringBootJUnit4ClassRunner.class) preparing: class com.tony.bday.greeting.junit.test.router.RouterForCsvToEmailTest

  .   ____          _            __ _ _
 /\\ / ___'_ __ _ _(_)_ __  __ _ \ \ \ \
( ( )\___ | '_ | '_| | '_ \/ _` | \ \ \ \
 \\/  ___)| |_)| | | | | || (_| |  ) ) ) )
  '  |____| .__|_| |_|_| |_\__, | / / / /
 =========|_|==============|___/=/_/_/_/
 :: Spring Boot ::        (v1.5.8.RELEASE)

2017-12-05 17:15:07.051  INFO 13044 --- [    Test worker] c.t.b.g.j.t.r.RouterForCsvToEmailTest    : Starting RouterForCsvToEmailTest on P20675 with PID 13044 (started by lei.du in D:\workspace-tony\bday-greeting)
2017-12-05 17:15:07.052  INFO 13044 --- [    Test worker] c.t.b.g.j.t.r.RouterForCsvToEmailTest    : No active profile set, falling back to default profiles: default
2017-12-05 17:15:07.055  INFO 13044 --- [    Test worker] s.c.a.AnnotationConfigApplicationContext : Refreshing org.springframework.context.annotation.AnnotationConfigApplicationContext@1ce97772: startup date [Tue Dec 05 17:15:07 JST 2017]; root of context hierarchy
2017-12-05 17:15:07.506  INFO 13044 --- [    Test worker] trationDelegate$BeanPostProcessorChecker : Bean 'org.apache.camel.spring.boot.CamelAutoConfiguration' of type [org.apache.camel.spring.boot.CamelAutoConfiguration$$EnhancerBySpringCGLIB$$f4d0405a] is not eligible for getting processed by all BeanPostProcessors (for example: not eligible for auto-proxying)
2017-12-05 17:15:07.534  INFO 13044 --- [    Test worker] o.h.v.i.engine.ValidatorFactoryImpl      : HV000238: Temporal validation tolerance set to 0.
2017-12-05 17:15:07.554  INFO 13044 --- [    Test worker] o.h.v.i.engine.ValidatorFactoryImpl      : HV000238: Temporal validation tolerance set to 0.
2017-12-05 17:15:07.607  WARN 13044 --- [    Test worker] o.a.c.i.DefaultCamelBeanPostProcessor    : No CamelContext defined yet so cannot inject into bean: routesHealthCheckRepository
2017-12-05 17:15:07.624  INFO 13044 --- [    Test worker] o.a.c.i.converter.DefaultTypeConverter   : Type converters loaded (core: 192, classpath: 1)
2017-12-05 17:15:08.124  INFO 13044 --- [    Test worker] o.a.camel.spring.boot.RoutesCollector    : Loading additional Camel XML routes from: classpath:camel/*.xml
2017-12-05 17:15:08.125  INFO 13044 --- [    Test worker] o.a.camel.spring.boot.RoutesCollector    : Loading additional Camel XML rests from: classpath:camel-rest/*.xml
2017-12-05 17:15:08.130  INFO 13044 --- [    Test worker] c.t.b.g.j.t.r.RouterForCsvToEmailTest    : Started RouterForCsvToEmailTest in 1.122 seconds (JVM running for 6.494)
2017-12-05 17:15:08.131  INFO 13044 --- [    Test worker] o.a.c.t.spring.CamelAnnotationsHandler   : Setting shutdown timeout to [10 SECONDS] on CamelContext with name [camelContext].
2017-12-05 17:15:08.132  INFO 13044 --- [    Test worker] o.a.camel.spring.SpringCamelContext      : Apache Camel 2.20.0 (CamelContext: camel-2) is starting
2017-12-05 17:15:08.132  INFO 13044 --- [    Test worker] o.a.c.m.ManagedManagementStrategy        : JMX is enabled
2017-12-05 17:15:08.162  INFO 13044 --- [    Test worker] o.a.camel.spring.SpringCamelContext      : StreamCaching is not in use. If using streams then its recommended to enable stream caching. See more details at http://camel.apache.org/stream-caching.html
2017-12-05 17:15:08.163  INFO 13044 --- [    Test worker] o.a.camel.spring.SpringCamelContext      : Total 0 routes, of which 0 are started
2017-12-05 17:15:08.163  INFO 13044 --- [    Test worker] o.a.camel.spring.SpringCamelContext      : Apache Camel 2.20.0 (CamelContext: camel-2) started in 0.031 seconds
2017-12-05 17:15:08.172  INFO 13044 --- [    Test worker] a.c.t.s.CamelSpringBootExecutionListener : @RunWith(CamelSpringBootJUnit4ClassRunner.class) before: class com.tony.bday.greeting.junit.test.router.RouterForCsvToEmailTest.emptyBody
2017-12-05 17:15:08.172  INFO 13044 --- [    Test worker] a.c.t.s.CamelSpringBootExecutionListener : Initialized CamelSpringBootJUnit4ClassRunner now ready to start CamelContext
2017-12-05 17:15:08.172  INFO 13044 --- [    Test worker] o.a.c.t.spring.CamelAnnotationsHandler   : Skipping starting CamelContext(s) as UseAdviceWith annotation was found and isUseAdviceWith is set to true.
2017-12-05 17:15:08.175  INFO 13044 --- [    Test worker] o.a.camel.spring.SpringCamelContext      : Apache Camel 2.20.0 (CamelContext: camel-2) is shutting down
2017-12-05 17:15:08.188  INFO 13044 --- [    Test worker] o.a.camel.spring.SpringCamelContext      : Apache Camel 2.20.0 (CamelContext: camel-2) uptime 0.056 seconds
2017-12-05 17:15:08.188  INFO 13044 --- [    Test worker] o.a.camel.spring.SpringCamelContext      : Apache Camel 2.20.0 (CamelContext: camel-2) is shutdown in 0.013 seconds
2017-12-05 17:15:08.191  INFO 13044 --- [    Test worker] c.t.b.g.j.t.r.RouterForCsvToEmailTest    : ********************************************************************************
2017-12-05 17:15:08.191  INFO 13044 --- [    Test worker] c.t.b.g.j.t.r.RouterForCsvToEmailTest    : Testing done: emptyBody(com.tony.bday.greeting.junit.test.router.RouterForCsvToEmailTest)
2017-12-05 17:15:08.191  INFO 13044 --- [    Test worker] c.t.b.g.j.t.r.RouterForCsvToEmailTest    : Took: 0.019 seconds (19 millis)
2017-12-05 17:15:08.192  INFO 13044 --- [    Test worker] c.t.b.g.j.t.r.RouterForCsvToEmailTest    : ********************************************************************************
2017-12-05 17:15:08.192  INFO 13044 --- [    Test worker] a.c.t.s.CamelSpringBootExecutionListener : @RunWith(CamelSpringBootJUnit4ClassRunner.class) preparing: class com.tony.bday.greeting.junit.test.router.RouterForCsvToEmailTest
2017-12-05 17:15:08.193  INFO 13044 --- [    Test worker] o.a.c.t.spring.CamelAnnotationsHandler   : Setting shutdown timeout to [10 SECONDS] on CamelContext with name [camelContext].
2017-12-05 17:15:08.193  INFO 13044 --- [    Test worker] o.a.camel.spring.SpringCamelContext      : Apache Camel 2.20.0 (CamelContext: camel-2) is starting
2017-12-05 17:15:08.193  INFO 13044 --- [    Test worker] o.a.c.m.ManagedManagementStrategy        : JMX is enabled
2017-12-05 17:15:08.209  INFO 13044 --- [    Test worker] o.a.c.i.converter.DefaultTypeConverter   : Type converters loaded (core: 192, classpath: 1)
2017-12-05 17:15:08.221  INFO 13044 --- [    Test worker] o.a.camel.spring.SpringCamelContext      : StreamCaching is not in use. If using streams then its recommended to enable stream caching. See more details at http://camel.apache.org/stream-caching.html
2017-12-05 17:15:08.221  INFO 13044 --- [    Test worker] o.a.camel.spring.SpringCamelContext      : Total 0 routes, of which 0 are started
2017-12-05 17:15:08.222  INFO 13044 --- [    Test worker] o.a.camel.spring.SpringCamelContext      : Apache Camel 2.20.0 (CamelContext: camel-2) started in 0.028 seconds
2017-12-05 17:15:08.224  INFO 13044 --- [    Test worker] a.c.t.s.CamelSpringBootExecutionListener : @RunWith(CamelSpringBootJUnit4ClassRunner.class) before: class com.tony.bday.greeting.junit.test.router.RouterForCsvToEmailTest.nobodyIsBirthday
2017-12-05 17:15:08.225  INFO 13044 --- [    Test worker] a.c.t.s.CamelSpringBootExecutionListener : Initialized CamelSpringBootJUnit4ClassRunner now ready to start CamelContext
2017-12-05 17:15:08.225  INFO 13044 --- [    Test worker] o.a.c.t.spring.CamelAnnotationsHandler   : Skipping starting CamelContext(s) as UseAdviceWith annotation was found and isUseAdviceWith is set to true.
2017-12-05 17:15:08.227  INFO 13044 --- [    Test worker] o.a.camel.spring.SpringCamelContext      : Apache Camel 2.20.0 (CamelContext: camel-2) is shutting down
2017-12-05 17:15:08.231  INFO 13044 --- [    Test worker] o.a.camel.spring.SpringCamelContext      : Apache Camel 2.20.0 (CamelContext: camel-2) uptime 0.038 seconds
2017-12-05 17:15:08.231  INFO 13044 --- [    Test worker] o.a.camel.spring.SpringCamelContext      : Apache Camel 2.20.0 (CamelContext: camel-2) is shutdown in 0.004 seconds
2017-12-05 17:15:08.234  INFO 13044 --- [    Test worker] c.t.b.g.j.t.r.RouterForCsvToEmailTest    : ********************************************************************************
2017-12-05 17:15:08.235  INFO 13044 --- [    Test worker] c.t.b.g.j.t.r.RouterForCsvToEmailTest    : Testing done: nobodyIsBirthday(com.tony.bday.greeting.junit.test.router.RouterForCsvToEmailTest)
2017-12-05 17:15:08.235  INFO 13044 --- [    Test worker] c.t.b.g.j.t.r.RouterForCsvToEmailTest    : Took: 0.009 seconds (9 millis)
2017-12-05 17:15:08.235  INFO 13044 --- [    Test worker] c.t.b.g.j.t.r.RouterForCsvToEmailTest    : ********************************************************************************
2017-12-05 17:15:08.235  INFO 13044 --- [    Test worker] a.c.t.s.CamelSpringBootExecutionListener : @RunWith(CamelSpringBootJUnit4ClassRunner.class) preparing: class com.tony.bday.greeting.junit.test.router.RouterForCsvToEmailTest
2017-12-05 17:15:08.236  INFO 13044 --- [    Test worker] o.a.c.t.spring.CamelAnnotationsHandler   : Setting shutdown timeout to [10 SECONDS] on CamelContext with name [camelContext].
2017-12-05 17:15:08.236  INFO 13044 --- [    Test worker] o.a.camel.spring.SpringCamelContext      : Apache Camel 2.20.0 (CamelContext: camel-2) is starting
2017-12-05 17:15:08.236  INFO 13044 --- [    Test worker] o.a.c.m.ManagedManagementStrategy        : JMX is enabled
2017-12-05 17:15:08.250  INFO 13044 --- [    Test worker] o.a.c.i.converter.DefaultTypeConverter   : Type converters loaded (core: 192, classpath: 1)
2017-12-05 17:15:08.261  INFO 13044 --- [    Test worker] o.a.camel.spring.SpringCamelContext      : StreamCaching is not in use. If using streams then its recommended to enable stream caching. See more details at http://camel.apache.org/stream-caching.html
2017-12-05 17:15:08.262  INFO 13044 --- [    Test worker] o.a.camel.spring.SpringCamelContext      : Total 0 routes, of which 0 are started
2017-12-05 17:15:08.262  INFO 13044 --- [    Test worker] o.a.camel.spring.SpringCamelContext      : Apache Camel 2.20.0 (CamelContext: camel-2) started in 0.026 seconds
2017-12-05 17:15:08.264  INFO 13044 --- [    Test worker] a.c.t.s.CamelSpringBootExecutionListener : @RunWith(CamelSpringBootJUnit4ClassRunner.class) before: class com.tony.bday.greeting.junit.test.router.RouterForCsvToEmailTest.SomebodyIsBirthday
2017-12-05 17:15:08.264  INFO 13044 --- [    Test worker] a.c.t.s.CamelSpringBootExecutionListener : Initialized CamelSpringBootJUnit4ClassRunner now ready to start CamelContext
2017-12-05 17:15:08.264  INFO 13044 --- [    Test worker] o.a.c.t.spring.CamelAnnotationsHandler   : Skipping starting CamelContext(s) as UseAdviceWith annotation was found and isUseAdviceWith is set to true.
2017-12-05 17:15:08.266  INFO 13044 --- [    Test worker] o.a.camel.spring.SpringCamelContext      : Apache Camel 2.20.0 (CamelContext: camel-2) is shutting down
2017-12-05 17:15:08.268  INFO 13044 --- [    Test worker] o.a.camel.spring.SpringCamelContext      : Apache Camel 2.20.0 (CamelContext: camel-2) uptime 0.032 seconds
2017-12-05 17:15:08.269  INFO 13044 --- [    Test worker] o.a.camel.spring.SpringCamelContext      : Apache Camel 2.20.0 (CamelContext: camel-2) is shutdown in 0.003 seconds
2017-12-05 17:15:08.271  INFO 13044 --- [    Test worker] c.t.b.g.j.t.r.RouterForCsvToEmailTest    : ********************************************************************************
2017-12-05 17:15:08.272  INFO 13044 --- [    Test worker] c.t.b.g.j.t.r.RouterForCsvToEmailTest    : Testing done: SomebodyIsBirthday(com.tony.bday.greeting.junit.test.router.RouterForCsvToEmailTest)
2017-12-05 17:15:08.272  INFO 13044 --- [    Test worker] c.t.b.g.j.t.r.RouterForCsvToEmailTest    : Took: 0.007 seconds (7 millis)
2017-12-05 17:15:08.272  INFO 13044 --- [    Test worker] c.t.b.g.j.t.r.RouterForCsvToEmailTest    : ********************************************************************************
2017-12-05 17:15:08.272  INFO 13044 --- [    Test worker] a.c.t.s.CamelSpringBootExecutionListener : @RunWith(CamelSpringBootJUnit4ClassRunner.class) preparing: class com.tony.bday.greeting.junit.test.router.RouterForCsvToEmailTest
2017-12-05 17:15:08.273  INFO 13044 --- [    Test worker] o.a.c.t.spring.CamelAnnotationsHandler   : Setting shutdown timeout to [10 SECONDS] on CamelContext with name [camelContext].
2017-12-05 17:15:08.273  INFO 13044 --- [    Test worker] o.a.camel.spring.SpringCamelContext      : Apache Camel 2.20.0 (CamelContext: camel-2) is starting
2017-12-05 17:15:08.273  INFO 13044 --- [    Test worker] o.a.c.m.ManagedManagementStrategy        : JMX is enabled
2017-12-05 17:15:08.285  INFO 13044 --- [    Test worker] o.a.c.i.converter.DefaultTypeConverter   : Type converters loaded (core: 192, classpath: 1)
2017-12-05 17:15:08.294  INFO 13044 --- [    Test worker] o.a.camel.spring.SpringCamelContext      : StreamCaching is not in use. If using streams then its recommended to enable stream caching. See more details at http://camel.apache.org/stream-caching.html
2017-12-05 17:15:08.295  INFO 13044 --- [    Test worker] o.a.camel.spring.SpringCamelContext      : Total 0 routes, of which 0 are started
2017-12-05 17:15:08.295  INFO 13044 --- [    Test worker] o.a.camel.spring.SpringCamelContext      : Apache Camel 2.20.0 (CamelContext: camel-2) started in 0.022 seconds
2017-12-05 17:15:08.298  INFO 13044 --- [    Test worker] a.c.t.s.CamelSpringBootExecutionListener : @RunWith(CamelSpringBootJUnit4ClassRunner.class) before: class com.tony.bday.greeting.junit.test.router.RouterForCsvToEmailTest.WrongDateFormat
2017-12-05 17:15:08.299  INFO 13044 --- [    Test worker] a.c.t.s.CamelSpringBootExecutionListener : Initialized CamelSpringBootJUnit4ClassRunner now ready to start CamelContext
2017-12-05 17:15:08.299  INFO 13044 --- [    Test worker] o.a.c.t.spring.CamelAnnotationsHandler   : Skipping starting CamelContext(s) as UseAdviceWith annotation was found and isUseAdviceWith is set to true.
2017-12-05 17:15:08.301  INFO 13044 --- [    Test worker] o.a.camel.spring.SpringCamelContext      : Apache Camel 2.20.0 (CamelContext: camel-2) is shutting down
2017-12-05 17:15:08.304  INFO 13044 --- [    Test worker] o.a.camel.spring.SpringCamelContext      : Apache Camel 2.20.0 (CamelContext: camel-2) uptime 0.031 seconds
2017-12-05 17:15:08.304  INFO 13044 --- [    Test worker] o.a.camel.spring.SpringCamelContext      : Apache Camel 2.20.0 (CamelContext: camel-2) is shutdown in 0.003 seconds
2017-12-05 17:15:08.307  INFO 13044 --- [    Test worker] c.t.b.g.j.t.r.RouterForCsvToEmailTest    : ********************************************************************************
2017-12-05 17:15:08.307  INFO 13044 --- [    Test worker] c.t.b.g.j.t.r.RouterForCsvToEmailTest    : Testing done: WrongDateFormat(com.tony.bday.greeting.junit.test.router.RouterForCsvToEmailTest)
2017-12-05 17:15:08.307  INFO 13044 --- [    Test worker] c.t.b.g.j.t.r.RouterForCsvToEmailTest    : Took: 0.008 seconds (8 millis)
2017-12-05 17:15:08.307  INFO 13044 --- [    Test worker] c.t.b.g.j.t.r.RouterForCsvToEmailTest    : ********************************************************************************
2017-12-05 17:15:08.308  INFO 13044 --- [    Test worker] a.c.t.s.CamelSpringBootExecutionListener : @RunWith(CamelSpringBootJUnit4ClassRunner.class) preparing: class com.tony.bday.greeting.junit.test.router.RouterForCsvToEmailTest
2017-12-05 17:15:08.308  INFO 13044 --- [    Test worker] o.a.c.t.spring.CamelAnnotationsHandler   : Setting shutdown timeout to [10 SECONDS] on CamelContext with name [camelContext].
2017-12-05 17:15:08.308  INFO 13044 --- [    Test worker] o.a.camel.spring.SpringCamelContext      : Apache Camel 2.20.0 (CamelContext: camel-2) is starting
2017-12-05 17:15:08.309  INFO 13044 --- [    Test worker] o.a.c.m.ManagedManagementStrategy        : JMX is enabled
2017-12-05 17:15:08.321  INFO 13044 --- [    Test worker] o.a.c.i.converter.DefaultTypeConverter   : Type converters loaded (core: 192, classpath: 1)
2017-12-05 17:15:08.336  INFO 13044 --- [    Test worker] o.a.camel.spring.SpringCamelContext      : StreamCaching is not in use. If using streams then its recommended to enable stream caching. See more details at http://camel.apache.org/stream-caching.html
2017-12-05 17:15:08.337  INFO 13044 --- [    Test worker] o.a.camel.spring.SpringCamelContext      : Total 0 routes, of which 0 are started
2017-12-05 17:15:08.338  INFO 13044 --- [    Test worker] o.a.camel.spring.SpringCamelContext      : Apache Camel 2.20.0 (CamelContext: camel-2) started in 0.029 seconds
2017-12-05 17:15:08.340  INFO 13044 --- [    Test worker] a.c.t.s.CamelSpringBootExecutionListener : @RunWith(CamelSpringBootJUnit4ClassRunner.class) before: class com.tony.bday.greeting.junit.test.router.RouterForCsvToEmailTest.emaillIsNull
2017-12-05 17:15:08.340  INFO 13044 --- [    Test worker] a.c.t.s.CamelSpringBootExecutionListener : Initialized CamelSpringBootJUnit4ClassRunner now ready to start CamelContext
2017-12-05 17:15:08.341  INFO 13044 --- [    Test worker] o.a.c.t.spring.CamelAnnotationsHandler   : Skipping starting CamelContext(s) as UseAdviceWith annotation was found and isUseAdviceWith is set to true.
2017-12-05 17:15:08.343  INFO 13044 --- [    Test worker] o.a.camel.spring.SpringCamelContext      : Apache Camel 2.20.0 (CamelContext: camel-2) is shutting down
2017-12-05 17:15:08.344  INFO 13044 --- [    Test worker] o.a.camel.spring.SpringCamelContext      : Apache Camel 2.20.0 (CamelContext: camel-2) uptime 0.036 seconds
2017-12-05 17:15:08.345  INFO 13044 --- [    Test worker] o.a.camel.spring.SpringCamelContext      : Apache Camel 2.20.0 (CamelContext: camel-2) is shutdown in 0.001 seconds
2017-12-05 17:15:08.347  INFO 13044 --- [    Test worker] c.t.b.g.j.t.r.RouterForCsvToEmailTest    : ********************************************************************************
2017-12-05 17:15:08.347  INFO 13044 --- [    Test worker] c.t.b.g.j.t.r.RouterForCsvToEmailTest    : Testing done: emaillIsNull(com.tony.bday.greeting.junit.test.router.RouterForCsvToEmailTest)
2017-12-05 17:15:08.347  INFO 13044 --- [    Test worker] c.t.b.g.j.t.r.RouterForCsvToEmailTest    : Took: 0.006 seconds (6 millis)
2017-12-05 17:15:08.347  INFO 13044 --- [    Test worker] c.t.b.g.j.t.r.RouterForCsvToEmailTest    : ********************************************************************************
]]></system-out>
  <system-err><![CDATA[]]></system-err>
</testsuite>
